SF:lib/models/character.dart
DA:14,1
DA:28,3
DA:29,3
DA:31,1
DA:33,1
DA:34,1
DA:35,1
DA:36,1
DA:37,1
DA:38,2
DA:39,2
DA:40,1
DA:41,1
DA:42,1
DA:43,1
DA:44,1
DA:45,1
DA:46,2
DA:47,2
DA:49,1
DA:66,1
DA:76,1
DA:77,1
DA:78,1
DA:79,1
DA:80,1
DA:81,1
DA:82,1
DA:83,1
DA:84,1
DA:88,1
DA:89,1
DA:90,2
DA:91,2
DA:92,2
DA:93,2
DA:94,3
DA:95,3
DA:96,3
DA:106,1
DA:108,1
DA:109,1
DA:111,2
DA:112,1
DA:113,2
DA:117,1
DA:118,1
DA:131,1
DA:139,1
DA:140,1
DA:141,1
DA:142,1
DA:143,1
DA:144,2
DA:145,1
DA:146,3
DA:147,1
DA:157,1
DA:159,1
DA:160,1
DA:161,1
DA:162,1
DA:173,1
DA:180,1
DA:181,1
DA:182,1
DA:183,1
DA:184,1
DA:185,1
LF:69
LH:69
end_of_record
